<?xml version="1.0" encoding="UTF-8"?>
<testng-results skipped="0" failed="0" total="1" passed="1">
  <reporter-output>
  </reporter-output>
  <suite name="Default suite" duration-ms="26774" started-at="2014-11-06T10:48:17Z" finished-at="2014-11-06T10:48:44Z">
    <groups>
    </groups>
    <test name="Default test" duration-ms="26774" started-at="2014-11-06T10:48:17Z" finished-at="2014-11-06T10:48:44Z">
      <class name="com.company.testClasses.MacysProfile">
        <test-method status="PASS" signature="launchBrowser()[pri:0, instance:com.company.testClasses.MacysProfile@5c07f4ec]" name="launchBrowser" is-config="true" duration-ms="6542" started-at="2014-11-06T16:18:17Z" finished-at="2014-11-06T16:18:24Z">
          <reporter-output>
          </reporter-output>
        </test-method> <!-- launchBrowser -->
        <test-method status="PASS" signature="testMacysProfile()[pri:0, instance:com.company.testClasses.MacysProfile@5c07f4ec]" name="testMacysProfile" duration-ms="20232" started-at="2014-11-06T16:18:24Z" finished-at="2014-11-06T16:18:44Z">
          <reporter-output>
          </reporter-output>
        </test-method> <!-- testMacysProfile -->
      </class> <!-- com.company.testClasses.MacysProfile -->
    </test> <!-- Default test -->
  </suite> <!-- Default suite -->
</testng-results>
